C:\USERS\USER\DOCUMENTS\VISUAL STUDIO 2012\PROJECTS\ITC_GUI_01_\ITC_GUI_01\RELEASE\ITC_GUI_01.PCH
C:\USERS\USER\DOCUMENTS\VISUAL STUDIO 2012\PROJECTS\ITC_GUI_01_\ITC_GUI_01\RELEASE\STDAFX.OBJ
C:\USERS\USER\DOCUMENTS\VISUAL STUDIO 2012\PROJECTS\ITC_GUI_01_\ITC_GUI_01\RELEASE\VC110.PDB
C:\USERS\USER\DOCUMENTS\VISUAL STUDIO 2012\PROJECTS\ITC_GUI_01_\ITC_GUI_01\RELEASE\SET_ETHERNET.OBJ
C:\USERS\USER\DOCUMENTS\VISUAL STUDIO 2012\PROJECTS\ITC_GUI_01_\ITC_GUI_01\RELEASE\SET_ARC2.OBJ
C:\USERS\USER\DOCUMENTS\VISUAL STUDIO 2012\PROJECTS\ITC_GUI_01_\ITC_GUI_01\RELEASE\SET_ARC1.OBJ
C:\USERS\USER\DOCUMENTS\VISUAL STUDIO 2012\PROJECTS\ITC_GUI_01_\ITC_GUI_01\RELEASE\PRESET_STATUS.OBJ
C:\USERS\USER\DOCUMENTS\VISUAL STUDIO 2012\PROJECTS\ITC_GUI_01_\ITC_GUI_01\RELEASE\PRESET_LOAD2.OBJ
C:\USERS\USER\DOCUMENTS\VISUAL STUDIO 2012\PROJECTS\ITC_GUI_01_\ITC_GUI_01\RELEASE\PRESET_LOAD.OBJ
C:\USERS\USER\DOCUMENTS\VISUAL STUDIO 2012\PROJECTS\ITC_GUI_01_\ITC_GUI_01\RELEASE\MWOD_LOAD_STATUS.OBJ
C:\USERS\USER\DOCUMENTS\VISUAL STUDIO 2012\PROJECTS\ITC_GUI_01_\ITC_GUI_01\RELEASE\MWOD_LOAD2.OBJ
C:\USERS\USER\DOCUMENTS\VISUAL STUDIO 2012\PROJECTS\ITC_GUI_01_\ITC_GUI_01\RELEASE\MWOD_LOAD.OBJ
C:\USERS\USER\DOCUMENTS\VISUAL STUDIO 2012\PROJECTS\ITC_GUI_01_\ITC_GUI_01\RELEASE\ITC_SET_DIS.OBJ
C:\USERS\USER\DOCUMENTS\VISUAL STUDIO 2012\PROJECTS\ITC_GUI_01_\ITC_GUI_01\RELEASE\ITC_GUI_01DLG.OBJ
C:\USERS\USER\DOCUMENTS\VISUAL STUDIO 2012\PROJECTS\ITC_GUI_01_\ITC_GUI_01\RELEASE\ITC_GUI_01.OBJ
C:\USERS\USER\DOCUMENTS\VISUAL STUDIO 2012\PROJECTS\ITC_GUI_01_\ITC_GUI_01\RELEASE\ICS_CP.OBJ
C:\USERS\USER\DOCUMENTS\VISUAL STUDIO 2012\PROJECTS\ITC_GUI_01_\ITC_GUI_01\RELEASE\FMT_NET_LOAD2.OBJ
C:\USERS\USER\DOCUMENTS\VISUAL STUDIO 2012\PROJECTS\ITC_GUI_01_\ITC_GUI_01\RELEASE\FMT_NET_LOAD.OBJ
C:\USERS\USER\DOCUMENTS\VISUAL STUDIO 2012\PROJECTS\ITC_GUI_01_\ITC_GUI_01\RELEASE\FAULT_DATA.OBJ
C:\USERS\USER\DOCUMENTS\VISUAL STUDIO 2012\PROJECTS\ITC_GUI_01_\ITC_GUI_01\RELEASE\DLGPROXY.OBJ
C:\USERS\USER\DOCUMENTS\VISUAL STUDIO 2012\PROJECTS\ITC_GUI_01_\ITC_GUI_01\RELEASE\CONFIGOP.OBJ
C:\USERS\USER\DOCUMENTS\VISUAL STUDIO 2012\PROJECTS\ITC_GUI_01_\ITC_GUI_01\RELEASE\BIT_SUMMARY.OBJ
C:\USERS\USER\DOCUMENTS\VISUAL STUDIO 2012\PROJECTS\ITC_GUI_01_\ITC_GUI_01\RELEASE\BIT_FIELD.OBJ
C:\USERS\USER\DOCUMENTS\VISUAL STUDIO 2012\PROJECTS\ITC_GUI_01_\ITC_GUI_01\RELEASE\VOICE_MESSAGE.OBJ
C:\USERS\USER\DOCUMENTS\VISUAL STUDIO 2012\PROJECTS\ITC_GUI_01_\ITC_GUI_01\RELEASE\MWOD_LOAD_STATUS2.OBJ
C:\USERS\USER\DOCUMENTS\VISUAL STUDIO 2012\PROJECTS\ITC_GUI_01_\ITC_GUI_01\RELEASE\PRESET_STATUS2.OBJ
C:\USERS\USER\DOCUMENTS\VISUAL STUDIO 2012\PROJECTS\ITC_GUI_01_\ITC_GUI_01\RELEASE\BIT_SUMMARY2.OBJ
C:\USERS\USER\DOCUMENTS\VISUAL STUDIO 2012\PROJECTS\ITC_GUI_01_\RELEASE\ITC_GUI_01.EXE
C:\USERS\USER\DOCUMENTS\VISUAL STUDIO 2012\PROJECTS\ITC_GUI_01_\RELEASE\ITC_GUI_01.PDB
C:\USERS\USER\DOCUMENTS\VISUAL STUDIO 2012\PROJECTS\ITC_GUI_01_\ITC_GUI_01\RELEASE\ITC_GUI_01.TLB
C:\USERS\USER\DOCUMENTS\VISUAL STUDIO 2012\PROJECTS\ITC_GUI_01_\ITC_GUI_01\ITC_GUI_01_I.C
C:\USERS\USER\DOCUMENTS\VISUAL STUDIO 2012\PROJECTS\ITC_GUI_01_\ITC_GUI_01\ITC_GUI_01_H.H
C:\USERS\USER\DOCUMENTS\VISUAL STUDIO 2012\PROJECTS\ITC_GUI_01_\ITC_GUI_01\RELEASE\ITC_GUI_01.RES
C:\Users\USER\Documents\Visual Studio 2012\Projects\ITC_GUI_01_\ITC_GUI_01\Release\BIT_FIELD.obj
C:\Users\USER\Documents\Visual Studio 2012\Projects\ITC_GUI_01_\ITC_GUI_01\Release\BIT_SUMMARY.obj
C:\Users\USER\Documents\Visual Studio 2012\Projects\ITC_GUI_01_\ITC_GUI_01\Release\BIT_SUMMARY2.obj
C:\Users\USER\Documents\Visual Studio 2012\Projects\ITC_GUI_01_\ITC_GUI_01\Release\configop.obj
C:\Users\USER\Documents\Visual Studio 2012\Projects\ITC_GUI_01_\ITC_GUI_01\Release\DlgProxy.obj
C:\Users\USER\Documents\Visual Studio 2012\Projects\ITC_GUI_01_\ITC_GUI_01\Release\FAULT_DATA.obj
C:\Users\USER\Documents\Visual Studio 2012\Projects\ITC_GUI_01_\ITC_GUI_01\Release\FMT_NET_LOAD.obj
C:\Users\USER\Documents\Visual Studio 2012\Projects\ITC_GUI_01_\ITC_GUI_01\Release\FMT_NET_LOAD2.obj
C:\Users\USER\Documents\Visual Studio 2012\Projects\ITC_GUI_01_\ITC_GUI_01\Release\ICS_CP.obj
C:\Users\USER\Documents\Visual Studio 2012\Projects\ITC_GUI_01_\ITC_GUI_01\Release\ITC_GUI_01.obj
C:\Users\USER\Documents\Visual Studio 2012\Projects\ITC_GUI_01_\ITC_GUI_01\Release\ITC_GUI_01Dlg.obj
C:\Users\USER\Documents\Visual Studio 2012\Projects\ITC_GUI_01_\ITC_GUI_01\Release\ITC_SET_DIS.obj
C:\Users\USER\Documents\Visual Studio 2012\Projects\ITC_GUI_01_\ITC_GUI_01\Release\MWOD_LOAD.obj
C:\Users\USER\Documents\Visual Studio 2012\Projects\ITC_GUI_01_\ITC_GUI_01\Release\MWOD_LOAD2.obj
C:\Users\USER\Documents\Visual Studio 2012\Projects\ITC_GUI_01_\ITC_GUI_01\Release\MWOD_LOAD_STATUS.obj
C:\Users\USER\Documents\Visual Studio 2012\Projects\ITC_GUI_01_\ITC_GUI_01\Release\MWOD_LOAD_STATUS2.obj
C:\Users\USER\Documents\Visual Studio 2012\Projects\ITC_GUI_01_\ITC_GUI_01\Release\PRESET_LOAD.obj
C:\Users\USER\Documents\Visual Studio 2012\Projects\ITC_GUI_01_\ITC_GUI_01\Release\PRESET_LOAD2.obj
C:\Users\USER\Documents\Visual Studio 2012\Projects\ITC_GUI_01_\ITC_GUI_01\Release\PRESET_STATUS.obj
C:\Users\USER\Documents\Visual Studio 2012\Projects\ITC_GUI_01_\ITC_GUI_01\Release\PRESET_STATUS2.obj
C:\Users\USER\Documents\Visual Studio 2012\Projects\ITC_GUI_01_\ITC_GUI_01\Release\SET_1553B.obj
C:\Users\USER\Documents\Visual Studio 2012\Projects\ITC_GUI_01_\ITC_GUI_01\Release\SET_ARC1.obj
C:\Users\USER\Documents\Visual Studio 2012\Projects\ITC_GUI_01_\ITC_GUI_01\Release\SET_ARC2.obj
C:\Users\USER\Documents\Visual Studio 2012\Projects\ITC_GUI_01_\ITC_GUI_01\Release\SET_DIST.obj
C:\Users\USER\Documents\Visual Studio 2012\Projects\ITC_GUI_01_\ITC_GUI_01\Release\SET_ETHERNET.obj
C:\Users\USER\Documents\Visual Studio 2012\Projects\ITC_GUI_01_\ITC_GUI_01\Release\SET_ITC.obj
C:\Users\USER\Documents\Visual Studio 2012\Projects\ITC_GUI_01_\ITC_GUI_01\Release\stdafx.obj
C:\Users\USER\Documents\Visual Studio 2012\Projects\ITC_GUI_01_\ITC_GUI_01\Release\VOICE_MESSAGE.obj
C:\Users\USER\Documents\Visual Studio 2012\Projects\ITC_GUI_01_\ITC_GUI_01\Release\ITC_GUI_01.tlb
C:\Users\USER\Documents\Visual Studio 2012\Projects\ITC_GUI_01_\ITC_GUI_01\Release\cl.command.1.tlog
C:\Users\USER\Documents\Visual Studio 2012\Projects\ITC_GUI_01_\ITC_GUI_01\Release\CL.read.1.tlog
C:\Users\USER\Documents\Visual Studio 2012\Projects\ITC_GUI_01_\ITC_GUI_01\Release\CL.write.1.tlog
C:\Users\USER\Documents\Visual Studio 2012\Projects\ITC_GUI_01_\ITC_GUI_01\Release\link-cvtres.read.1.tlog
C:\Users\USER\Documents\Visual Studio 2012\Projects\ITC_GUI_01_\ITC_GUI_01\Release\link-cvtres.write.1.tlog
C:\Users\USER\Documents\Visual Studio 2012\Projects\ITC_GUI_01_\ITC_GUI_01\Release\link-mt.read.1.tlog
C:\Users\USER\Documents\Visual Studio 2012\Projects\ITC_GUI_01_\ITC_GUI_01\Release\link-mt.write.1.tlog
C:\Users\USER\Documents\Visual Studio 2012\Projects\ITC_GUI_01_\ITC_GUI_01\Release\link-rc.read.1.tlog
C:\Users\USER\Documents\Visual Studio 2012\Projects\ITC_GUI_01_\ITC_GUI_01\Release\link-rc.write.1.tlog
C:\Users\USER\Documents\Visual Studio 2012\Projects\ITC_GUI_01_\ITC_GUI_01\Release\link.command.1.tlog
C:\Users\USER\Documents\Visual Studio 2012\Projects\ITC_GUI_01_\ITC_GUI_01\Release\link.read.1.tlog
C:\Users\USER\Documents\Visual Studio 2012\Projects\ITC_GUI_01_\ITC_GUI_01\Release\link.read.2.tlog
C:\Users\USER\Documents\Visual Studio 2012\Projects\ITC_GUI_01_\ITC_GUI_01\Release\link.read.3.tlog
C:\Users\USER\Documents\Visual Studio 2012\Projects\ITC_GUI_01_\ITC_GUI_01\Release\link.write.1.tlog
C:\Users\USER\Documents\Visual Studio 2012\Projects\ITC_GUI_01_\ITC_GUI_01\Release\midl-midlc-cl.read.1.tlog
C:\Users\USER\Documents\Visual Studio 2012\Projects\ITC_GUI_01_\ITC_GUI_01\Release\midl-midlc.read.1.tlog
C:\Users\USER\Documents\Visual Studio 2012\Projects\ITC_GUI_01_\ITC_GUI_01\Release\midl-midlc.write.1.tlog
C:\Users\USER\Documents\Visual Studio 2012\Projects\ITC_GUI_01_\ITC_GUI_01\Release\midl.command.1.tlog
C:\Users\USER\Documents\Visual Studio 2012\Projects\ITC_GUI_01_\ITC_GUI_01\Release\midl.read.1.tlog
C:\Users\USER\Documents\Visual Studio 2012\Projects\ITC_GUI_01_\ITC_GUI_01\Release\midl.write.1.tlog
C:\Users\USER\Documents\Visual Studio 2012\Projects\ITC_GUI_01_\ITC_GUI_01\Release\rc.command.1.tlog
C:\Users\USER\Documents\Visual Studio 2012\Projects\ITC_GUI_01_\ITC_GUI_01\Release\rc.read.1.tlog
C:\Users\USER\Documents\Visual Studio 2012\Projects\ITC_GUI_01_\ITC_GUI_01\Release\rc.write.1.tlog
C:\Users\USER\Documents\Visual Studio 2012\Projects\ITC_GUI_01_\ITC_GUI_01\Release\ITC_GUI_01.res
C:\Users\USER\Documents\Visual Studio 2012\Projects\ITC_GUI_01_\ITC_GUI_01\Release\ITC_GUI_01.pch
C:\Users\USER\Documents\Visual Studio 2012\Projects\ITC_GUI_01_\ITC_GUI_01\Release\vc110.pdb
C:\Users\USER\Documents\Visual Studio 2012\Projects\ITC_GUI_01_\Release\ITC_GUI_01.pdb
C:\Users\USER\Documents\Visual Studio 2012\Projects\ITC_GUI_01_\Release\ITC_GUI_01.exe
